<?xml version="1.0" encoding="UTF-8"?>
<coverage generated="1725629446295" clover="3.2.0">
  <project timestamp="1725629446295" name="All files">
    <metrics statements="56" coveredstatements="0" conditionals="2" coveredconditionals="0" methods="7" coveredmethods="0" elements="65" coveredelements="0" complexity="0" loc="56" ncloc="56" packages="3" files="7" classes="7"/>
    <package name="apis">
      <metrics statements="11" coveredstatements="0" conditionals="0" coveredconditionals="0" methods="2" coveredmethods="0"/>
      <file name="DevicesApiStack.ts" path="/Users/francescopanico/Desktop/Francesco/Vari/Projects/FTB_Organizer/backend/ftb_organizer/lib/infra/stacks/apis/DevicesApiStack.ts">
        <metrics statements="6" coveredstatements="0" conditionals="0" coveredconditionals="0" methods="1" coveredmethods="0"/>
        <line num="6" count="0" type="stmt"/>
        <line num="10" count="0" type="stmt"/>
        <line num="13" count="0" type="stmt"/>
        <line num="16" count="0" type="stmt"/>
        <line num="19" count="0" type="stmt"/>
        <line num="20" count="0" type="stmt"/>
      </file>
      <file name="GatewayStack.ts" path="/Users/francescopanico/Desktop/Francesco/Vari/Projects/FTB_Organizer/backend/ftb_organizer/lib/infra/stacks/apis/GatewayStack.ts">
        <metrics statements="5" coveredstatements="0" conditionals="0" coveredconditionals="0" methods="1" coveredmethods="0"/>
        <line num="6" count="0" type="stmt"/>
        <line num="7" count="0" type="stmt"/>
        <line num="11" count="0" type="stmt"/>
        <line num="16" count="0" type="stmt"/>
        <line num="19" count="0" type="stmt"/>
      </file>
    </package>
    <package name="data">
      <metrics statements="8" coveredstatements="0" conditionals="0" coveredconditionals="0" methods="1" coveredmethods="0"/>
      <file name="DatabaseStack.ts" path="/Users/francescopanico/Desktop/Francesco/Vari/Projects/FTB_Organizer/backend/ftb_organizer/lib/infra/stacks/data/DatabaseStack.ts">
        <metrics statements="8" coveredstatements="0" conditionals="0" coveredconditionals="0" methods="1" coveredmethods="0"/>
        <line num="7" count="0" type="stmt"/>
        <line num="8" count="0" type="stmt"/>
        <line num="12" count="0" type="stmt"/>
        <line num="19" count="0" type="stmt"/>
        <line num="40" count="0" type="stmt"/>
        <line num="48" count="0" type="stmt"/>
        <line num="57" count="0" type="stmt"/>
        <line num="58" count="0" type="stmt"/>
      </file>
    </package>
    <package name="lambdas">
      <metrics statements="37" coveredstatements="0" conditionals="2" coveredconditionals="0" methods="4" coveredmethods="0"/>
      <file name="DevicesLambdaStack.ts" path="/Users/francescopanico/Desktop/Francesco/Vari/Projects/FTB_Organizer/backend/ftb_organizer/lib/infra/stacks/lambdas/DevicesLambdaStack.ts">
        <metrics statements="11" coveredstatements="0" conditionals="0" coveredconditionals="0" methods="1" coveredmethods="0"/>
        <line num="8" count="0" type="stmt"/>
        <line num="9" count="0" type="stmt"/>
        <line num="10" count="0" type="stmt"/>
        <line num="11" count="0" type="stmt"/>
        <line num="13" count="0" type="stmt"/>
        <line num="15" count="0" type="stmt"/>
        <line num="18" count="0" type="stmt"/>
        <line num="21" count="0" type="stmt"/>
        <line num="23" count="0" type="stmt"/>
        <line num="32" count="0" type="stmt"/>
        <line num="35" count="0" type="stmt"/>
      </file>
      <file name="EventsLambdaStack.ts" path="/Users/francescopanico/Desktop/Francesco/Vari/Projects/FTB_Organizer/backend/ftb_organizer/lib/infra/stacks/lambdas/EventsLambdaStack.ts">
        <metrics statements="12" coveredstatements="0" conditionals="2" coveredconditionals="0" methods="1" coveredmethods="0"/>
        <line num="2" count="0" type="stmt"/>
        <line num="5" count="0" type="stmt"/>
        <line num="6" count="0" type="stmt"/>
        <line num="7" count="0" type="stmt"/>
        <line num="8" count="0" type="stmt"/>
        <line num="9" count="0" type="stmt"/>
        <line num="16" count="0" type="stmt"/>
        <line num="19" count="0" type="stmt"/>
        <line num="23" count="0" type="stmt"/>
        <line num="26" count="0" type="stmt"/>
        <line num="38" count="0" type="stmt"/>
        <line num="40" count="0" type="stmt"/>
      </file>
      <file name="ImagesLambdaStack.ts" path="/Users/francescopanico/Desktop/Francesco/Vari/Projects/FTB_Organizer/backend/ftb_organizer/lib/infra/stacks/lambdas/ImagesLambdaStack.ts">
        <metrics statements="11" coveredstatements="0" conditionals="0" coveredconditionals="0" methods="1" coveredmethods="0"/>
        <line num="8" count="0" type="stmt"/>
        <line num="9" count="0" type="stmt"/>
        <line num="10" count="0" type="stmt"/>
        <line num="11" count="0" type="stmt"/>
        <line num="13" count="0" type="stmt"/>
        <line num="15" count="0" type="stmt"/>
        <line num="18" count="0" type="stmt"/>
        <line num="21" count="0" type="stmt"/>
        <line num="23" count="0" type="stmt"/>
        <line num="32" count="0" type="stmt"/>
        <line num="35" count="0" type="stmt"/>
      </file>
      <file name="LambdaStack.ts" path="/Users/francescopanico/Desktop/Francesco/Vari/Projects/FTB_Organizer/backend/ftb_organizer/lib/infra/stacks/lambdas/LambdaStack.ts">
        <metrics statements="3" coveredstatements="0" conditionals="0" coveredconditionals="0" methods="1" coveredmethods="0"/>
        <line num="7" count="0" type="stmt"/>
        <line num="12" count="0" type="stmt"/>
        <line num="16" count="0" type="stmt"/>
      </file>
    </package>
  </project>
</coverage>
