{"/Users/francescopanico/Desktop/Francesco/Vari/Projects/FTB_Organizer/backend/ftb_organizer/lib/infra/stacks/apis/DevicesApiStack.ts": {"path":"/Users/francescopanico/Desktop/Francesco/Vari/Projects/FTB_Organizer/backend/ftb_organizer/lib/infra/stacks/apis/DevicesApiStack.ts","statementMap":{"0":{"start":{"line":6,"column":0},"end":{"line":6,"column":36}},"1":{"start":{"line":13,"column":4},"end":{"line":13,"column":28}},"2":{"start":{"line":16,"column":27},"end":{"line":16,"column":68}},"3":{"start":{"line":19,"column":4},"end":{"line":19,"column":61}},"4":{"start":{"line":20,"column":4},"end":{"line":20,"column":62}},"5":{"start":{"line":10,"column":0},"end":{"line":10,"column":13}}},"fnMap":{"0":{"name":"(anonymous_0)","decl":{"start":{"line":12,"column":2},"end":{"line":12,"column":14}},"loc":{"start":{"line":12,"column":64},"end":{"line":23,"column":3}}}},"branchMap":{},"s":{"0":0,"1":0,"2":0,"3":0,"4":0,"5":0},"f":{"0":0},"b":{}}
,"/Users/francescopanico/Desktop/Francesco/Vari/Projects/FTB_Organizer/backend/ftb_organizer/lib/infra/stacks/apis/GatewayStack.ts": {"path":"/Users/francescopanico/Desktop/Francesco/Vari/Projects/FTB_Organizer/backend/ftb_organizer/lib/infra/stacks/apis/GatewayStack.ts","statementMap":{"0":{"start":{"line":6,"column":0},"end":{"line":6,"column":48}},"1":{"start":{"line":7,"column":0},"end":{"line":7,"column":53}},"2":{"start":{"line":16,"column":4},"end":{"line":16,"column":28}},"3":{"start":{"line":19,"column":4},"end":{"line":19,"column":56}},"4":{"start":{"line":11,"column":0},"end":{"line":11,"column":13}}},"fnMap":{"0":{"name":"(anonymous_0)","decl":{"start":{"line":15,"column":2},"end":{"line":15,"column":14}},"loc":{"start":{"line":15,"column":62},"end":{"line":21,"column":3}}}},"branchMap":{},"s":{"0":0,"1":0,"2":0,"3":0,"4":0},"f":{"0":0},"b":{}}
,"/Users/francescopanico/Desktop/Francesco/Vari/Projects/FTB_Organizer/backend/ftb_organizer/lib/infra/stacks/data/DatabaseStack.ts": {"path":"/Users/francescopanico/Desktop/Francesco/Vari/Projects/FTB_Organizer/backend/ftb_organizer/lib/infra/stacks/data/DatabaseStack.ts","statementMap":{"0":{"start":{"line":7,"column":0},"end":{"line":7,"column":57}},"1":{"start":{"line":8,"column":0},"end":{"line":8,"column":72}},"2":{"start":{"line":19,"column":4},"end":{"line":19,"column":28}},"3":{"start":{"line":40,"column":26},"end":{"line":45,"column":6}},"4":{"start":{"line":48,"column":26},"end":{"line":53,"column":6}},"5":{"start":{"line":57,"column":4},"end":{"line":57,"column":27}},"6":{"start":{"line":58,"column":4},"end":{"line":58,"column":26}},"7":{"start":{"line":12,"column":0},"end":{"line":12,"column":13}}},"fnMap":{"0":{"name":"(anonymous_0)","decl":{"start":{"line":18,"column":2},"end":{"line":18,"column":14}},"loc":{"start":{"line":18,"column":62},"end":{"line":61,"column":3}}}},"branchMap":{},"s":{"0":0,"1":0,"2":0,"3":0,"4":0,"5":0,"6":0,"7":0},"f":{"0":0},"b":{}}
,"/Users/francescopanico/Desktop/Francesco/Vari/Projects/FTB_Organizer/backend/ftb_organizer/lib/infra/stacks/lambdas/DevicesLambdaStack.ts": {"path":"/Users/francescopanico/Desktop/Francesco/Vari/Projects/FTB_Organizer/backend/ftb_organizer/lib/infra/stacks/lambdas/DevicesLambdaStack.ts","statementMap":{"0":{"start":{"line":8,"column":0},"end":{"line":8,"column":44}},"1":{"start":{"line":9,"column":0},"end":{"line":9,"column":63}},"2":{"start":{"line":10,"column":0},"end":{"line":10,"column":49}},"3":{"start":{"line":11,"column":0},"end":{"line":11,"column":29}},"4":{"start":{"line":13,"column":0},"end":{"line":13,"column":63}},"5":{"start":{"line":18,"column":4},"end":{"line":18,"column":28}},"6":{"start":{"line":21,"column":29},"end":{"line":21,"column":47}},"7":{"start":{"line":23,"column":17},"end":{"line":30,"column":6}},"8":{"start":{"line":32,"column":4},"end":{"line":32,"column":38}},"9":{"start":{"line":35,"column":4},"end":{"line":35,"column":57}},"10":{"start":{"line":15,"column":0},"end":{"line":15,"column":13}}},"fnMap":{"0":{"name":"(anonymous_0)","decl":{"start":{"line":17,"column":2},"end":{"line":17,"column":14}},"loc":{"start":{"line":17,"column":67},"end":{"line":37,"column":3}}}},"branchMap":{},"s":{"0":0,"1":0,"2":0,"3":0,"4":0,"5":0,"6":0,"7":0,"8":0,"9":0,"10":0},"f":{"0":0},"b":{}}
,"/Users/francescopanico/Desktop/Francesco/Vari/Projects/FTB_Organizer/backend/ftb_organizer/lib/infra/stacks/lambdas/EventsLambdaStack.ts": {"path":"/Users/francescopanico/Desktop/Francesco/Vari/Projects/FTB_Organizer/backend/ftb_organizer/lib/infra/stacks/lambdas/EventsLambdaStack.ts","statementMap":{"0":{"start":{"line":2,"column":0},"end":{"line":2,"column":44}},"1":{"start":{"line":5,"column":0},"end":{"line":5,"column":63}},"2":{"start":{"line":6,"column":0},"end":{"line":6,"column":49}},"3":{"start":{"line":7,"column":0},"end":{"line":7,"column":29}},"4":{"start":{"line":8,"column":0},"end":{"line":8,"column":39}},"5":{"start":{"line":9,"column":0},"end":{"line":9,"column":63}},"6":{"start":{"line":19,"column":4},"end":{"line":19,"column":28}},"7":{"start":{"line":23,"column":37},"end":{"line":23,"column":66}},"8":{"start":{"line":26,"column":17},"end":{"line":35,"column":6}},"9":{"start":{"line":38,"column":4},"end":{"line":38,"column":35}},"10":{"start":{"line":40,"column":4},"end":{"line":40,"column":57}},"11":{"start":{"line":16,"column":0},"end":{"line":16,"column":13}}},"fnMap":{"0":{"name":"(anonymous_0)","decl":{"start":{"line":18,"column":2},"end":{"line":18,"column":14}},"loc":{"start":{"line":18,"column":67},"end":{"line":42,"column":3}}}},"branchMap":{"0":{"loc":{"start":{"line":32,"column":20},"end":{"line":32,"column":49}},"type":"binary-expr","locations":[{"start":{"line":32,"column":20},"end":{"line":32,"column":43}},{"start":{"line":32,"column":47},"end":{"line":32,"column":49}}]}},"s":{"0":0,"1":0,"2":0,"3":0,"4":0,"5":0,"6":0,"7":0,"8":0,"9":0,"10":0,"11":0},"f":{"0":0},"b":{"0":[0,0]}}
,"/Users/francescopanico/Desktop/Francesco/Vari/Projects/FTB_Organizer/backend/ftb_organizer/lib/infra/stacks/lambdas/ImagesLambdaStack.ts": {"path":"/Users/francescopanico/Desktop/Francesco/Vari/Projects/FTB_Organizer/backend/ftb_organizer/lib/infra/stacks/lambdas/ImagesLambdaStack.ts","statementMap":{"0":{"start":{"line":8,"column":0},"end":{"line":8,"column":44}},"1":{"start":{"line":9,"column":0},"end":{"line":9,"column":63}},"2":{"start":{"line":10,"column":0},"end":{"line":10,"column":49}},"3":{"start":{"line":11,"column":0},"end":{"line":11,"column":29}},"4":{"start":{"line":13,"column":0},"end":{"line":13,"column":63}},"5":{"start":{"line":18,"column":4},"end":{"line":18,"column":28}},"6":{"start":{"line":21,"column":29},"end":{"line":21,"column":47}},"7":{"start":{"line":23,"column":17},"end":{"line":30,"column":6}},"8":{"start":{"line":32,"column":4},"end":{"line":32,"column":38}},"9":{"start":{"line":35,"column":4},"end":{"line":35,"column":57}},"10":{"start":{"line":15,"column":0},"end":{"line":15,"column":13}}},"fnMap":{"0":{"name":"(anonymous_0)","decl":{"start":{"line":17,"column":2},"end":{"line":17,"column":14}},"loc":{"start":{"line":17,"column":67},"end":{"line":37,"column":3}}}},"branchMap":{},"s":{"0":0,"1":0,"2":0,"3":0,"4":0,"5":0,"6":0,"7":0,"8":0,"9":0,"10":0},"f":{"0":0},"b":{}}
,"/Users/francescopanico/Desktop/Francesco/Vari/Projects/FTB_Organizer/backend/ftb_organizer/lib/infra/stacks/lambdas/LambdaStack.ts": {"path":"/Users/francescopanico/Desktop/Francesco/Vari/Projects/FTB_Organizer/backend/ftb_organizer/lib/infra/stacks/lambdas/LambdaStack.ts","statementMap":{"0":{"start":{"line":7,"column":0},"end":{"line":7,"column":36}},"1":{"start":{"line":16,"column":4},"end":{"line":16,"column":28}},"2":{"start":{"line":12,"column":0},"end":{"line":12,"column":13}}},"fnMap":{"0":{"name":"(anonymous_0)","decl":{"start":{"line":15,"column":2},"end":{"line":15,"column":14}},"loc":{"start":{"line":15,"column":67},"end":{"line":17,"column":3}}}},"branchMap":{},"s":{"0":0,"1":0,"2":0},"f":{"0":0},"b":{}}
,"/Users/francescopanico/Desktop/Francesco/Vari/Projects/FTB_Organizer/backend/ftb_organizer/lib/src/devicesLambda/handler.ts": {"path":"/Users/francescopanico/Desktop/Francesco/Vari/Projects/FTB_Organizer/backend/ftb_organizer/lib/src/devicesLambda/handler.ts","statementMap":{"0":{"start":{"line":2,"column":0},"end":{"line":2,"column":56}},"1":{"start":{"line":3,"column":0},"end":{"line":3,"column":45}},"2":{"start":{"line":6,"column":18},"end":{"line":6,"column":40}},"3":{"start":{"line":19,"column":32},"end":{"line":42,"column":1}},"4":{"start":{"line":21,"column":2},"end":{"line":39,"column":3}},"5":{"start":{"line":23,"column":4},"end":{"line":28,"column":5}},"6":{"start":{"line":25,"column":8},"end":{"line":25,"column":43}},"7":{"start":{"line":27,"column":8},"end":{"line":27,"column":41}},"8":{"start":{"line":32,"column":34},"end":{"line":32,"column":58}},"9":{"start":{"line":34,"column":4},"end":{"line":37,"column":null}},"10":{"start":{"line":19,"column":13},"end":{"line":19,"column":32}}},"fnMap":{"0":{"name":"(anonymous_0)","decl":{"start":{"line":19,"column":32},"end":{"line":19,"column":37}},"loc":{"start":{"line":19,"column":120},"end":{"line":42,"column":1}}}},"branchMap":{"0":{"loc":{"start":{"line":23,"column":4},"end":{"line":28,"column":5}},"type":"switch","locations":[{"start":{"line":24,"column":6},"end":{"line":25,"column":43}},{"start":{"line":26,"column":6},"end":{"line":27,"column":41}}]}},"s":{"0":1,"1":1,"2":1,"3":1,"4":1,"5":1,"6":1,"7":0,"8":0,"9":0,"10":1},"f":{"0":1},"b":{"0":[1,0]}}
,"/Users/francescopanico/Desktop/Francesco/Vari/Projects/FTB_Organizer/backend/ftb_organizer/lib/src/devicesLambda/core/GetDevice.ts": {"path":"/Users/francescopanico/Desktop/Francesco/Vari/Projects/FTB_Organizer/backend/ftb_organizer/lib/src/devicesLambda/core/GetDevice.ts","statementMap":{"0":{"start":{"line":1,"column":0},"end":{"line":1,"column":176}},"1":{"start":{"line":2,"column":0},"end":{"line":2,"column":62}},"2":{"start":{"line":21,"column":35},"end":{"line":90,"column":1}},"3":{"start":{"line":23,"column":30},"end":{"line":26,"column":4}},"4":{"start":{"line":28,"column":2},"end":{"line":82,"column":3}},"5":{"start":{"line":30,"column":4},"end":{"line":30,"column":91}},"6":{"start":{"line":30,"column":32},"end":{"line":30,"column":91}},"7":{"start":{"line":32,"column":4},"end":{"line":32,"column":78}},"8":{"start":{"line":32,"column":37},"end":{"line":32,"column":78}},"9":{"start":{"line":34,"column":4},"end":{"line":34,"column":142}},"10":{"start":{"line":34,"column":101},"end":{"line":34,"column":142}},"11":{"start":{"line":36,"column":30},"end":{"line":36,"column":52}},"12":{"start":{"line":37,"column":29},"end":{"line":37,"column":69}},"13":{"start":{"line":39,"column":49},"end":{"line":42,"column":null}},"14":{"start":{"line":44,"column":39},"end":{"line":44,"column":74}},"15":{"start":{"line":46,"column":44},"end":{"line":46,"column":76}},"16":{"start":{"line":48,"column":4},"end":{"line":48,"column":40}},"17":{"start":{"line":50,"column":4},"end":{"line":72,"column":5}},"18":{"start":{"line":51,"column":21},"end":{"line":51,"column":47}},"19":{"start":{"line":53,"column":6},"end":{"line":53,"column":57}},"20":{"start":{"line":56,"column":35},"end":{"line":58,"column":8}},"21":{"start":{"line":60,"column":51},"end":{"line":63,"column":8}},"22":{"start":{"line":65,"column":41},"end":{"line":65,"column":76}},"23":{"start":{"line":67,"column":43},"end":{"line":68,"column":49}},"24":{"start":{"line":68,"column":25},"end":{"line":68,"column":48}},"25":{"start":{"line":70,"column":6},"end":{"line":70,"column":57}},"26":{"start":{"line":76,"column":4},"end":{"line":76,"column":30}},"27":{"start":{"line":77,"column":4},"end":{"line":77,"column":48}},"28":{"start":{"line":78,"column":4},"end":{"line":81,"column":null}},"29":{"start":{"line":85,"column":2},"end":{"line":88,"column":null}},"30":{"start":{"line":21,"column":13},"end":{"line":21,"column":35}}},"fnMap":{"0":{"name":"(anonymous_0)","decl":{"start":{"line":21,"column":35},"end":{"line":21,"column":40}},"loc":{"start":{"line":21,"column":132},"end":{"line":90,"column":1}}},"1":{"name":"(anonymous_1)","decl":{"start":{"line":68,"column":15},"end":{"line":68,"column":20}},"loc":{"start":{"line":68,"column":23},"end":{"line":68,"column":48}}}},"branchMap":{"0":{"loc":{"start":{"line":30,"column":4},"end":{"line":30,"column":91}},"type":"if","locations":[{"start":{"line":30,"column":4},"end":{"line":30,"column":91}}]},"1":{"loc":{"start":{"line":32,"column":4},"end":{"line":32,"column":78}},"type":"if","locations":[{"start":{"line":32,"column":4},"end":{"line":32,"column":78}}]},"2":{"loc":{"start":{"line":34,"column":4},"end":{"line":34,"column":142}},"type":"if","locations":[{"start":{"line":34,"column":4},"end":{"line":34,"column":142}}]},"3":{"loc":{"start":{"line":34,"column":7},"end":{"line":34,"column":99}},"type":"binary-expr","locations":[{"start":{"line":34,"column":7},"end":{"line":34,"column":52}},{"start":{"line":34,"column":56},"end":{"line":34,"column":99}}]},"4":{"loc":{"start":{"line":50,"column":4},"end":{"line":72,"column":5}},"type":"if","locations":[{"start":{"line":50,"column":4},"end":{"line":72,"column":5}},{"start":{"line":54,"column":11},"end":{"line":72,"column":5}}]}},"s":{"0":1,"1":1,"2":1,"3":1,"4":1,"5":1,"6":0,"7":1,"8":0,"9":1,"10":0,"11":1,"12":1,"13":1,"14":1,"15":1,"16":1,"17":1,"18":0,"19":0,"20":1,"21":1,"22":1,"23":1,"24":0,"25":1,"26":0,"27":0,"28":0,"29":1,"30":1},"f":{"0":1,"1":0},"b":{"0":[0],"1":[0],"2":[0],"3":[1,1],"4":[0,1]}}
,"/Users/francescopanico/Desktop/Francesco/Vari/Projects/FTB_Organizer/backend/ftb_organizer/lib/src/utils/dto.ts": {"path":"/Users/francescopanico/Desktop/Francesco/Vari/Projects/FTB_Organizer/backend/ftb_organizer/lib/src/utils/dto.ts","statementMap":{"0":{"start":{"line":1,"column":0},"end":{"line":1,"column":13}}},"fnMap":{},"branchMap":{},"s":{"0":0},"f":{},"b":{}}
}
