TN:
SF:lib/infra/stacks/apis/DevicesApiStack.ts
FN:12,(anonymous_0)
FNF:1
FNH:0
FNDA:0,(anonymous_0)
DA:6,0
DA:10,0
DA:13,0
DA:16,0
DA:19,0
DA:20,0
LF:6
LH:0
BRF:0
BRH:0
end_of_record
TN:
SF:lib/infra/stacks/apis/GatewayStack.ts
FN:15,(anonymous_0)
FNF:1
FNH:0
FNDA:0,(anonymous_0)
DA:6,0
DA:7,0
DA:11,0
DA:16,0
DA:19,0
LF:5
LH:0
BRF:0
BRH:0
end_of_record
TN:
SF:lib/infra/stacks/data/DatabaseStack.ts
FN:18,(anonymous_0)
FNF:1
FNH:0
FNDA:0,(anonymous_0)
DA:7,0
DA:8,0
DA:12,0
DA:19,0
DA:40,0
DA:48,0
DA:57,0
DA:58,0
LF:8
LH:0
BRF:0
BRH:0
end_of_record
TN:
SF:lib/infra/stacks/lambdas/DevicesLambdaStack.ts
FN:17,(anonymous_0)
FNF:1
FNH:0
FNDA:0,(anonymous_0)
DA:8,0
DA:9,0
DA:10,0
DA:11,0
DA:13,0
DA:15,0
DA:18,0
DA:21,0
DA:23,0
DA:32,0
DA:35,0
LF:11
LH:0
BRF:0
BRH:0
end_of_record
TN:
SF:lib/infra/stacks/lambdas/EventsLambdaStack.ts
FN:18,(anonymous_0)
FNF:1
FNH:0
FNDA:0,(anonymous_0)
DA:2,0
DA:5,0
DA:6,0
DA:7,0
DA:8,0
DA:9,0
DA:16,0
DA:19,0
DA:23,0
DA:26,0
DA:38,0
DA:40,0
LF:12
LH:0
BRDA:32,0,0,0
BRDA:32,0,1,0
BRF:2
BRH:0
end_of_record
TN:
SF:lib/infra/stacks/lambdas/ImagesLambdaStack.ts
FN:17,(anonymous_0)
FNF:1
FNH:0
FNDA:0,(anonymous_0)
DA:8,0
DA:9,0
DA:10,0
DA:11,0
DA:13,0
DA:15,0
DA:18,0
DA:21,0
DA:23,0
DA:32,0
DA:35,0
LF:11
LH:0
BRF:0
BRH:0
end_of_record
TN:
SF:lib/infra/stacks/lambdas/LambdaStack.ts
FN:15,(anonymous_0)
FNF:1
FNH:0
FNDA:0,(anonymous_0)
DA:7,0
DA:12,0
DA:16,0
LF:3
LH:0
BRF:0
BRH:0
end_of_record
TN:
SF:lib/src/devicesLambda/handler.ts
FN:19,(anonymous_0)
FNF:1
FNH:1
FNDA:1,(anonymous_0)
DA:2,1
DA:3,1
DA:6,1
DA:19,1
DA:21,1
DA:23,1
DA:25,1
DA:27,0
DA:32,0
DA:34,0
LF:10
LH:7
BRDA:23,0,0,1
BRDA:23,0,1,0
BRF:2
BRH:1
end_of_record
TN:
SF:lib/src/devicesLambda/core/GetDevice.ts
FN:21,(anonymous_0)
FN:68,(anonymous_1)
FNF:2
FNH:1
FNDA:1,(anonymous_0)
FNDA:0,(anonymous_1)
DA:1,1
DA:2,1
DA:21,1
DA:23,1
DA:28,1
DA:30,1
DA:32,1
DA:34,1
DA:36,1
DA:37,1
DA:39,1
DA:44,1
DA:46,1
DA:48,1
DA:50,1
DA:51,0
DA:53,0
DA:56,1
DA:60,1
DA:65,1
DA:67,1
DA:68,0
DA:70,1
DA:76,0
DA:77,0
DA:78,0
DA:85,1
LF:27
LH:21
BRDA:30,0,0,0
BRDA:32,1,0,0
BRDA:34,2,0,0
BRDA:34,3,0,1
BRDA:34,3,1,1
BRDA:50,4,0,0
BRDA:50,4,1,1
BRF:7
BRH:3
end_of_record
TN:
SF:lib/src/utils/dto.ts
FNF:0
FNH:0
DA:1,0
LF:1
LH:0
BRF:0
BRH:0
end_of_record
